<?xml version="1.0" encoding="UTF-8"?>
<!-- Generated by org.testng.reporters.JUnitXMLReporter -->
<testsuite hostname="94ZQ7BS" name="Test" tests="1" failures="1" timestamp="20 Mar 2018 06:25:30 GMT" time="36.021" errors="0">
  <testcase name="feature" time="35.312" classname="helpers.RunTest">
    <failure type="cucumber.runtime.CucumberException" message="java.lang.AssertionError: PB home page is not displayed expected [true] but found [false]">
      <![CDATA[cucumber.runtime.CucumberException: java.lang.AssertionError: PB home page is not displayed expected [true] but found [false]
	at cucumber.api.testng.TestNGCucumberRunner.runCucumber(TestNGCucumberRunner.java:69)
	at cucumber.api.testng.AbstractTestNGCucumberTests.feature(AbstractTestNGCucumberTests.java:21)
Caused by: java.lang.AssertionError: PB home page is not displayed expected [true] but found [false]
	at Application_Pages.Adidas_Home_Page.verify_Adidas_Logo(Adidas_Home_Page.java:57)
	at stepDefinitions.Verify_Women_TShirt_Checkout_Process.Verify_Adidas_Online_Store_Home_Page(Verify_Women_TShirt_Checkout_Process.java:50)
	at ✽.Then Verify Adidas online store Home Page(Adidasfeatures/Men Basketball Search Result Count Verification.feature:32)
... Removed 27 stack frames]]>
    </failure>
  </testcase> <!-- feature -->
</testsuite> <!-- Test -->
